<?xml version="1.0" encoding="UTF-8"?>
<!-- Generated by org.testng.reporters.JUnitReportReporter -->
<testsuite hostname="EpicGamurMouv" failures="0" tests="3" name="api.test.video.VideoTest" time="1.414" errors="0" timestamp="2023-06-06T16:04:10 BDT" skipped="0">
  <testcase classname="api.test.video.VideoTest" name="TC00_getVideoId" time="0.220"/>
  <system-out/>
  <testcase classname="api.test.video.VideoTest" name="TC40_showCommentsForVideoTest" time="1.019"/>
  <system-out/>
  <testcase classname="api.test.video.VideoTest" name="TC41_singleVideoTest" time="0.175"/>
  <system-out/>
</testsuite> <!-- api.test.video.VideoTest -->
