<?xml version="1.0" encoding="UTF-8"?>
<!-- Generated by org.testng.reporters.JUnitReportReporter -->
<testsuite hostname="EpicGamurMouv" failures="0" tests="16" name="api.test.mobile.homepage.HomepageIntegrationsTest" time="21.671" errors="0" timestamp="2023-06-06T16:04:10 BDT" skipped="0">
  <testcase classname="api.test.mobile.homepage.HomepageIntegrationsTest" name="TC08_homepagePerticularTypeContestsTest" time="0.426"/>
  <system-out/>
  <testcase classname="api.test.mobile.homepage.HomepageIntegrationsTest" name="TC09_homepageBrandsTest" time="0.347"/>
  <system-out/>
  <testcase classname="api.test.mobile.homepage.HomepageIntegrationsTest" name="TC10_homepageOffersTest" time="0.238"/>
  <system-out/>
  <testcase classname="api.test.mobile.homepage.HomepageIntegrationsTest" name="TC11_homepageTopSellingFromTrafficTest" time="0.230"/>
  <system-out/>
  <testcase classname="api.test.mobile.homepage.HomepageIntegrationsTest" name="TC12_homepageTrendingVideosTrendingTagTest" time="0.350"/>
  <system-out/>
  <testcase classname="api.test.mobile.homepage.HomepageIntegrationsTest" name="TC13_homepageTalentVideosByHashTagTest" time="2.630"/>
  <system-out/>
  <testcase classname="api.test.mobile.homepage.HomepageIntegrationsTest" name="TC14_homepageBeautyVideosByHashTagTest" time="1.819"/>
  <system-out/>
  <testcase classname="api.test.mobile.homepage.HomepageIntegrationsTest" name="TC15_homepageTechVideosByHashTagTest" time="1.847"/>
  <system-out/>
  <testcase classname="api.test.mobile.homepage.HomepageIntegrationsTest" name="TC16_homepageFashionVideosByHashTagTest" time="2.148"/>
  <system-out/>
  <testcase classname="api.test.mobile.homepage.HomepageIntegrationsTest" name="TC17_homepageFoodVideosByHashTagTest" time="1.834"/>
  <system-out/>
  <testcase classname="api.test.mobile.homepage.HomepageIntegrationsTest" name="TC18_homepageSportsVideosByHashTagTest" time="1.873"/>
  <system-out/>
  <testcase classname="api.test.mobile.homepage.HomepageIntegrationsTest" name="TC19_homepageSmartphoneVideosByHashTagTest" time="1.775"/>
  <system-out/>
  <testcase classname="api.test.mobile.homepage.HomepageIntegrationsTest" name="TC20_homepageTravelVideosByHashTagTest" time="1.858"/>
  <system-out/>
  <testcase classname="api.test.mobile.homepage.HomepageIntegrationsTest" name="TC21_homepageDecorVideosByHashTagTest" time="1.778"/>
  <system-out/>
  <testcase classname="api.test.mobile.homepage.HomepageIntegrationsTest" name="TC22_homepageHomeapplianceVideosByHashTagTest" time="2.115"/>
  <system-out/>
  <testcase classname="api.test.mobile.homepage.HomepageIntegrationsTest" name="TC23_homepageTrendingVideosNewTagTest" time="0.403"/>
  <system-out/>
</testsuite> <!-- api.test.mobile.homepage.HomepageIntegrationsTest -->
