<?xml version="1.0" encoding="UTF-8"?>
<!-- Generated by org.testng.reporters.JUnitReportReporter -->
<testsuite hostname="LAPTOP-OL97P8DL" failures="0" tests="2" name="api.test.homepage.PerticularTypeContestsTest" time="3.403" errors="0" timestamp="2023-05-15T15:19:22 BDT" skipped="0">
  <testcase classname="api.test.homepage.PerticularTypeContestsTest" name="TC08_PerticularTypeContestsTest" time="3.084"/>
  <system-out/>
  <testcase classname="api.test.homepage.PerticularTypeContestsTest" name="TC09_homepageBrandsTest" time="0.319"/>
  <system-out/>
</testsuite> <!-- api.test.homepage.PerticularTypeContestsTest -->
