<?xml version="1.0" encoding="UTF-8"?>
<!-- Generated by org.testng.reporters.JUnitReportReporter -->
<testsuite hostname="EpicGamurMouv" failures="0" tests="4" name="api.test.search.SearchTest" time="0.817" errors="0" timestamp="2023-06-06T15:18:59 BDT" skipped="0">
  <testcase classname="api.test.search.SearchTest" name="TC36_searchUserTest" time="0.192"/>
  <system-out/>
  <testcase classname="api.test.search.SearchTest" name="TC37_searchVideoHashtagTest" time="0.264"/>
  <system-out/>
  <testcase classname="api.test.search.SearchTest" name="TC38_searchVideoTest" time="0.199"/>
  <system-out/>
  <testcase classname="api.test.search.SearchTest" name="TC39_searchContestTest" time="0.162"/>
  <system-out/>
</testsuite> <!-- api.test.search.SearchTest -->
