<?xml version="1.0" encoding="UTF-8"?>
<!-- Generated by org.testng.reporters.JUnitReportReporter -->
<testsuite hostname="EpicGamurMouv" failures="0" tests="2" name="api.test.notification.NotificationTest" time="1.060" errors="0" timestamp="2023-06-06T16:04:10 BDT" skipped="0">
  <testcase classname="api.test.notification.NotificationTest" name="TC00_adminLiveApiTokenGenerator" time="0.842"/>
  <system-out/>
  <testcase classname="api.test.notification.NotificationTest" name="TC42_showNotificationListTest" time="0.218"/>
  <system-out/>
</testsuite> <!-- api.test.notification.NotificationTest -->
