<?xml version="1.0" encoding="UTF-8"?>
<!-- Generated by org.testng.reporters.JUnitReportReporter -->
<testsuite hostname="EpicGamurMouv" failures="0" tests="4" name="api.test.show.all.contests.ShowAllContestsTest" time="1.308" errors="0" timestamp="2023-06-06T16:04:10 BDT" skipped="0">
  <testcase classname="api.test.show.all.contests.ShowAllContestsTest" name="TC00_adminLiveApiTokenGenerator" time="0.529"/>
  <system-out/>
  <testcase classname="api.test.show.all.contests.ShowAllContestsTest" name="TC00_getUserListId" time="0.223"/>
  <system-out/>
  <testcase classname="api.test.show.all.contests.ShowAllContestsTest" name="TC24_showAllMyParticipationContestsTest" time="0.238"/>
  <system-out/>
  <testcase classname="api.test.show.all.contests.ShowAllContestsTest" name="TC25_showAllperticularTypeContestsCustomTest" time="0.318"/>
  <system-out/>
</testsuite> <!-- api.test.show.all.contests.ShowAllContestsTest -->
