<?xml version="1.0" encoding="UTF-8"?>
<!-- Generated by org.testng.reporters.JUnitReportReporter -->
<testsuite hostname="LAPTOP-OL97P8DL" failures="0" tests="3" name="api.test.signup.SignupTest" time="4.040" errors="0" timestamp="2023-05-08T15:17:38 BDT" skipped="0">
  <testcase classname="api.test.signup.SignupTest" name="TC04_SignupWithEmailTest" time="2.971"/>
  <system-out/>
  <testcase classname="api.test.signup.SignupTest" name="TC05_SignupWithPhoneTest" time="0.658"/>
  <system-out/>
  <testcase classname="api.test.signup.SignupTest" name="TC06_SignupWithSocialTest" time="0.411"/>
  <system-out/>
</testsuite> <!-- api.test.signup.SignupTest -->
