<?xml version="1.0" encoding="UTF-8"?>
<!-- Generated by org.testng.reporters.JUnitReportReporter -->
<testsuite hostname="EpicGamurMouv" failures="0" tests="6" name="api.test.show.all.brands.ShowAllBrandsTest" time="1.316" errors="0" timestamp="2023-06-06T15:18:59 BDT" skipped="0">
  <testcase classname="api.test.show.all.brands.ShowAllBrandsTest" name="TC26_showAllBrandsTest" time="0.229"/>
  <system-out/>
  <testcase classname="api.test.show.all.brands.ShowAllBrandsTest" name="TC27_brandTest" time="0.164"/>
  <system-out/>
  <testcase classname="api.test.show.all.brands.ShowAllBrandsTest" name="TC00_adminLiveApiTokenGenerator" time="0.421"/>
  <system-out/>
  <testcase classname="api.test.show.all.brands.ShowAllBrandsTest" name="TC28_followBrandTest" time="0.173"/>
  <system-out/>
  <testcase classname="api.test.show.all.brands.ShowAllBrandsTest" name="TC29_unfollowBrandTest" time="0.167"/>
  <system-out/>
  <testcase classname="api.test.show.all.brands.ShowAllBrandsTest" name="TC30_brandContestsTest" time="0.162"/>
  <system-out/>
</testsuite> <!-- api.test.show.all.brands.ShowAllBrandsTest -->
