<?xml version="1.0" encoding="UTF-8"?>
<!-- Generated by org.testng.reporters.JUnitReportReporter -->
<testsuite hostname="LAPTOP-OL97P8DL" failures="0" tests="15" name="api.test.homepage.HomepageIntegrations" time="6.491" errors="1" timestamp="2023-05-15T18:21:27 BDT" skipped="0">
  <testcase classname="api.test.homepage.HomepageIntegrations" name="TC08_homepagePerticularTypeContestsTest" time="2.838"/>
  <system-out/>
  <testcase classname="api.test.homepage.HomepageIntegrations" name="TC09_homepageBrandsTest" time="0.295"/>
  <system-out/>
  <testcase classname="api.test.homepage.HomepageIntegrations" name="TC10_homepageOffersTest" time="0.179"/>
  <system-out/>
  <testcase classname="api.test.homepage.HomepageIntegrations" name="TC11_homepageTopSellingFromTrafficTest" time="0.329"/>
  <system-out/>
  <testcase classname="api.test.homepage.HomepageIntegrations" name="TC12_homepageTrendingVideosTest" time="0.316">
    <error message="Cannot invoke &quot;String.equalsIgnoreCase(String)&quot; because &quot;errString&quot; is null" type="java.lang.NullPointerException">
      <![CDATA[java.lang.NullPointerException: Cannot invoke "String.equalsIgnoreCase(String)" because "errString" is null
at api.test.homepage.HomepageIntegrations.TC12_homepageTrendingVideosTest(HomepageIntegrations.java:212)
at java.base/jdk.internal.reflect.NativeMethodAccessorImpl.invoke0(Native Method)
at java.base/jdk.internal.reflect.NativeMethodAccessorImpl.invoke(NativeMethodAccessorImpl.java:77)
at java.base/jdk.internal.reflect.DelegatingMethodAccessorImpl.invoke(DelegatingMethodAccessorImpl.java:43)
at java.base/java.lang.reflect.Method.invoke(Method.java:568)
at org.testng.internal.invokers.MethodInvocationHelper.invokeMethod(MethodInvocationHelper.java:139)
at org.testng.internal.invokers.TestInvoker.invokeMethod(TestInvoker.java:677)
at org.testng.internal.invokers.TestInvoker.invokeTestMethod(TestInvoker.java:221)
at org.testng.internal.invokers.MethodRunner.runInSequence(MethodRunner.java:50)
at org.testng.internal.invokers.TestInvoker$MethodInvocationAgent.invoke(TestInvoker.java:969)
at org.testng.internal.invokers.TestInvoker.invokeTestMethods(TestInvoker.java:194)
at org.testng.internal.invokers.TestMethodWorker.invokeTestMethods(TestMethodWorker.java:148)
at org.testng.internal.invokers.TestMethodWorker.run(TestMethodWorker.java:128)
at java.base/java.util.ArrayList.forEach(ArrayList.java:1511)
at org.testng.TestRunner.privateRun(TestRunner.java:829)
at org.testng.TestRunner.run(TestRunner.java:602)
at org.testng.SuiteRunner.runTest(SuiteRunner.java:437)
at org.testng.SuiteRunner.runSequentially(SuiteRunner.java:431)
at org.testng.SuiteRunner.privateRun(SuiteRunner.java:391)
at org.testng.SuiteRunner.run(SuiteRunner.java:330)
at org.testng.SuiteRunnerWorker.runSuite(SuiteRunnerWorker.java:52)
at org.testng.SuiteRunnerWorker.run(SuiteRunnerWorker.java:95)
at org.testng.TestNG.runSuitesSequentially(TestNG.java:1256)
at org.testng.TestNG.runSuitesLocally(TestNG.java:1176)
at org.testng.TestNG.runSuites(TestNG.java:1099)
at org.testng.TestNG.run(TestNG.java:1067)
at org.testng.remote.AbstractRemoteTestNG.run(AbstractRemoteTestNG.java:115)
at org.testng.remote.RemoteTestNG.initAndRun(RemoteTestNG.java:251)
at org.testng.remote.RemoteTestNG.main(RemoteTestNG.java:77)
]]>
    </error>
  </testcase> <!-- TC12_homepageTrendingVideosTest -->
  <system-out/>
  <testcase classname="api.test.homepage.HomepageIntegrations" name="TC13_homepageTalentVideosByHashTagTest" time="0.248"/>
  <system-out/>
  <testcase classname="api.test.homepage.HomepageIntegrations" name="TC14_homepageBeautyVideosByHashTagTest" time="0.225"/>
  <system-out/>
  <testcase classname="api.test.homepage.HomepageIntegrations" name="TC15_homepageTechVideosByHashTagTest" time="0.257"/>
  <system-out/>
  <testcase classname="api.test.homepage.HomepageIntegrations" name="TC16_homepageFashionVideosByHashTagTest" time="0.263"/>
  <system-out/>
  <testcase classname="api.test.homepage.HomepageIntegrations" name="TC17_homepageFoodVideosByHashTagTest" time="0.333"/>
  <system-out/>
  <testcase classname="api.test.homepage.HomepageIntegrations" name="TC18_homepageSportsVideosByHashTagTest" time="0.234"/>
  <system-out/>
  <testcase classname="api.test.homepage.HomepageIntegrations" name="TC19_homepageSmartphoneVideosByHashTagTest" time="0.312"/>
  <system-out/>
  <testcase classname="api.test.homepage.HomepageIntegrations" name="TC20_homepageTravelVideosByHashTagTest" time="0.234"/>
  <system-out/>
  <testcase classname="api.test.homepage.HomepageIntegrations" name="TC21_homepageDecorVideosByHashTagTest" time="0.209"/>
  <system-out/>
  <testcase classname="api.test.homepage.HomepageIntegrations" name="TC22_homepageHomeapplianceVideosByHashTagTest" time="0.219"/>
  <system-out/>
</testsuite> <!-- api.test.homepage.HomepageIntegrations -->
