<?xml version="1.0" encoding="UTF-8"?>
<!-- Generated by org.testng.reporters.JUnitReportReporter -->
<testsuite hostname="EpicGamurMouv" failures="0" tests="26" name="api.test.fshop.FShopIntegrationsTest" time="8.910" errors="0" timestamp="2023-06-07T11:14:44 BDT" skipped="0">
  <testcase classname="api.test.fshop.FShopIntegrationsTest" name="TC00_signUpTokenGenerationTest" time="0.610"/>
  <system-out/>
  <testcase classname="api.test.fshop.FShopIntegrationsTest" name="TC00_adminSignInTokenGenerationTest" time="0.461"/>
  <system-out/>
  <testcase classname="api.test.fshop.FShopIntegrationsTest" name="TC43_fshopcartProductsTest" time="0.162"/>
  <system-out/>
  <testcase classname="api.test.fshop.FShopIntegrationsTest" name="TC44_fshopDashboardShippingAddressesTest" time="0.158"/>
  <system-out/>
  <testcase classname="api.test.fshop.FShopIntegrationsTest" name="TC46_fshopDashboardSupportTicketsTest" time="0.155"/>
  <system-out/>
  <testcase classname="api.test.fshop.FShopIntegrationsTest" name="TC45_fshopDashboardReviewByUserTest" time="0.160"/>
  <system-out/>
  <testcase classname="api.test.fshop.FShopIntegrationsTest" name="TC47_fshopHomeParentCategoriesTest" time="0.172"/>
  <system-out/>
  <testcase classname="api.test.fshop.FShopIntegrationsTest" name="TC48_fshopHomeFlashSalesTest" time="0.170"/>
  <system-out/>
  <testcase classname="api.test.fshop.FShopIntegrationsTest" name="TC49_fshopHomePromotionalOffersTest" time="0.137"/>
  <system-out/>
  <testcase classname="api.test.fshop.FShopIntegrationsTest" name="TC50_fshopHomeTopSellingBrandsTest" time="3.114"/>
  <system-out/>
  <testcase classname="api.test.fshop.FShopIntegrationsTest" name="TC00_getCategoryId" time="0.798"/>
  <system-out/>
  <testcase classname="api.test.fshop.FShopIntegrationsTest" name="TC51_fshopHomeProductsByCategoryTest" time="0.150"/>
  <system-out/>
  <testcase classname="api.test.fshop.FShopIntegrationsTest" name="TC52_fshopHomeMainBannersTest" time="0.166"/>
  <system-out/>
  <testcase classname="api.test.fshop.FShopIntegrationsTest" name="TC53_fshopHomeOfferBannersTest" time="0.163"/>
  <system-out/>
  <testcase classname="api.test.fshop.FShopIntegrationsTest" name="TC00_getParentId" time="0.161"/>
  <system-out/>
  <testcase classname="api.test.fshop.FShopIntegrationsTest" name="TC54_fshopHomeCategoryChildrensTest" time="0.199"/>
  <system-out/>
  <testcase classname="api.test.fshop.FShopIntegrationsTest" name="TC55_fshopHomeFilterHotdealsTest" time="0.456"/>
  <system-out/>
  <testcase classname="api.test.fshop.FShopIntegrationsTest" name="TC00_getBannerId" time="0.158"/>
  <system-out/>
  <testcase classname="api.test.fshop.FShopIntegrationsTest" name="TC56_fshopHomeBannerProductsTest" time="0.171"/>
  <system-out/>
  <testcase classname="api.test.fshop.FShopIntegrationsTest" name="TC57_fshopOrdersByUserTest" time="0.156"/>
  <system-out/>
  <testcase classname="api.test.fshop.FShopIntegrationsTest" name="TC00_getadminProductSearchId" time="0.256"/>
  <system-out/>
  <testcase classname="api.test.fshop.FShopIntegrationsTest" name="TC58_fshopIdBasedProductCheckingstockQtyTest" time="0.175"/>
  <system-out/>
  <testcase classname="api.test.fshop.FShopIntegrationsTest" name="TC59_fshopProductFaqsByIdTest" time="0.140"/>
  <system-out/>
  <testcase classname="api.test.fshop.FShopIntegrationsTest" name="TC60_fshopProductReviewByIdTest" time="0.143"/>
  <system-out/>
  <testcase classname="api.test.fshop.FShopIntegrationsTest" name="TC61_fshopSearchProductByQueryTest" time="0.171"/>
  <system-out/>
  <testcase classname="api.test.fshop.FShopIntegrationsTest" name="TC62_fshopWishlistProductsTest" time="0.148"/>
  <system-out/>
</testsuite> <!-- api.test.fshop.FShopIntegrationsTest -->
