<?xml version="1.0" encoding="UTF-8"?>
<!-- Generated by org.testng.reporters.JUnitReportReporter -->
<testsuite hostname="LAPTOP-OL97P8DL" failures="0" tests="1" name="api.test.signup.email" time="3.141" errors="0" timestamp="2023-05-03T16:28:20 BDT" skipped="0">
  <testcase classname="api.test.signup.email" name="signUp" time="3.141"/>
  <system-out/>
</testsuite> <!-- api.test.signup.email -->
