<?xml version="1.0" encoding="UTF-8"?>
<!-- Generated by org.testng.reporters.JUnitReportReporter -->
<testsuite hostname="EpicGamurMouv" failures="0" tests="3" name="api.test.contest.detail.ContestDetailTest" time="0.651" errors="0" timestamp="2023-06-06T15:18:59 BDT" skipped="0">
  <testcase classname="api.test.contest.detail.ContestDetailTest" name="TC00_getContestDetailsId" time="0.243"/>
  <system-out/>
  <testcase classname="api.test.contest.detail.ContestDetailTest" name="TC31_contestDetailsTest" time="0.170"/>
  <system-out/>
  <testcase classname="api.test.contest.detail.ContestDetailTest" name="TC32_detailPageContestVideosTest" time="0.238"/>
  <system-out/>
</testsuite> <!-- api.test.contest.detail.ContestDetailTest -->
