<?xml version="1.0" encoding="UTF-8"?>
<!-- Generated by org.testng.reporters.JUnitReportReporter -->
<testsuite hostname="LAPTOP-T9M4KOS1" failures="0" tests="6" name="api.test.DataDrivenDemo" time="10.372" errors="0" timestamp="2023-04-13T13:16:27 BDT" skipped="0">
  <testcase classname="api.test.DataDrivenDemo" name="testPostUser" time="2.776"/>
  <system-out/>
  <testcase classname="api.test.DataDrivenDemo" name="testPostUser" time="1.545"/>
  <system-out/>
  <testcase classname="api.test.DataDrivenDemo" name="testPostUser" time="1.562"/>
  <system-out/>
  <testcase classname="api.test.DataDrivenDemo" name="testGetUserByName" time="1.505"/>
  <system-out/>
  <testcase classname="api.test.DataDrivenDemo" name="testGetUserByName" time="1.483"/>
  <system-out/>
  <testcase classname="api.test.DataDrivenDemo" name="testGetUserByName" time="1.501"/>
  <system-out/>
</testsuite> <!-- api.test.DataDrivenDemo -->
