<?xml version="1.0" encoding="UTF-8"?>
<!-- Generated by org.testng.reporters.JUnitReportReporter -->
<testsuite hostname="EpicGamurMouv" failures="0" tests="2" name="api.test.playlist.PlaylistTest" time="0.776" errors="0" timestamp="2023-06-06T15:18:59 BDT" skipped="0">
  <testcase classname="api.test.playlist.PlaylistTest" name="TC33_topUsersTest" time="0.637"/>
  <system-out/>
  <testcase classname="api.test.playlist.PlaylistTest" name="TC35_listVideoTypesTest" time="0.139"/>
  <system-out/>
</testsuite> <!-- api.test.playlist.PlaylistTest -->
