<?xml version="1.0" encoding="UTF-8"?>
<!-- Generated by org.testng.reporters.JUnitReportReporter -->
<testsuite hostname="EpicGamurMouv" failures="0" tests="26" name="api.test.fshop.FShopIntegrationsTest" time="9.869" errors="0" timestamp="2023-06-06T16:04:10 BDT" skipped="0">
  <testcase classname="api.test.fshop.FShopIntegrationsTest" name="TC00_signUpTokenGenerationTest" time="0.834"/>
  <system-out/>
  <testcase classname="api.test.fshop.FShopIntegrationsTest" name="TC00_adminSignInTokenGenerationTest" time="0.419"/>
  <system-out/>
  <testcase classname="api.test.fshop.FShopIntegrationsTest" name="TC43_fshopcartProductsTest" time="0.175"/>
  <system-out/>
  <testcase classname="api.test.fshop.FShopIntegrationsTest" name="TC44_fshopDashboardShippingAddressesTest" time="0.169"/>
  <system-out/>
  <testcase classname="api.test.fshop.FShopIntegrationsTest" name="TC46_fshopDashboardSupportTicketsTest" time="0.159"/>
  <system-out/>
  <testcase classname="api.test.fshop.FShopIntegrationsTest" name="TC45_fshopDashboardReviewByUserTest" time="0.172"/>
  <system-out/>
  <testcase classname="api.test.fshop.FShopIntegrationsTest" name="TC47_fshopHomeParentCategoriesTest" time="0.183"/>
  <system-out/>
  <testcase classname="api.test.fshop.FShopIntegrationsTest" name="TC48_fshopHomeFlashSalesTest" time="0.225"/>
  <system-out/>
  <testcase classname="api.test.fshop.FShopIntegrationsTest" name="TC49_fshopHomePromotionalOffersTest" time="0.217"/>
  <system-out/>
  <testcase classname="api.test.fshop.FShopIntegrationsTest" name="TC50_fshopHomeTopSellingBrandsTest" time="2.951"/>
  <system-out/>
  <testcase classname="api.test.fshop.FShopIntegrationsTest" name="TC00_getCategoryId" time="0.869"/>
  <system-out/>
  <testcase classname="api.test.fshop.FShopIntegrationsTest" name="TC51_fshopHomeProductsByCategoryTest" time="0.211"/>
  <system-out/>
  <testcase classname="api.test.fshop.FShopIntegrationsTest" name="TC52_fshopHomeMainBannersTest" time="0.239"/>
  <system-out/>
  <testcase classname="api.test.fshop.FShopIntegrationsTest" name="TC53_fshopHomeOfferBannersTest" time="0.180"/>
  <system-out/>
  <testcase classname="api.test.fshop.FShopIntegrationsTest" name="TC00_getParentId" time="0.194"/>
  <system-out/>
  <testcase classname="api.test.fshop.FShopIntegrationsTest" name="TC54_fshopHomeCategoryChildrensTest" time="0.176"/>
  <system-out/>
  <testcase classname="api.test.fshop.FShopIntegrationsTest" name="TC55_fshopHomeFilterHotdealsTest" time="0.638"/>
  <system-out/>
  <testcase classname="api.test.fshop.FShopIntegrationsTest" name="TC00_getBannerId" time="0.160"/>
  <system-out/>
  <testcase classname="api.test.fshop.FShopIntegrationsTest" name="TC56_fshopHomeBannerProductsTest" time="0.176"/>
  <system-out/>
  <testcase classname="api.test.fshop.FShopIntegrationsTest" name="TC57_fshopOrdersByUserTest" time="0.217"/>
  <system-out/>
  <testcase classname="api.test.fshop.FShopIntegrationsTest" name="TC00_getadminProductSearchId" time="0.264"/>
  <system-out/>
  <testcase classname="api.test.fshop.FShopIntegrationsTest" name="TC58_fshopIdBasedProductCheckingstockQtyTest" time="0.248"/>
  <system-out/>
  <testcase classname="api.test.fshop.FShopIntegrationsTest" name="TC59_fshopProductFaqsByIdTest" time="0.186"/>
  <system-out/>
  <testcase classname="api.test.fshop.FShopIntegrationsTest" name="TC60_fshopProductReviewByIdTest" time="0.179"/>
  <system-out/>
  <testcase classname="api.test.fshop.FShopIntegrationsTest" name="TC61_fshopSearchProductByQueryTest" time="0.245"/>
  <system-out/>
  <testcase classname="api.test.fshop.FShopIntegrationsTest" name="TC62_fshopWishlistProductsTest" time="0.183"/>
  <system-out/>
</testsuite> <!-- api.test.fshop.FShopIntegrationsTest -->
