<?xml version="1.0" encoding="UTF-8"?>
<!-- Generated by org.testng.reporters.JUnitReportReporter -->
<testsuite hostname="EpicGamurMouv" failures="0" tests="6" name="api.test.show.all.brands.ShowAllBrandsTest" time="1.311" errors="0" timestamp="2023-06-07T11:14:44 BDT" skipped="0">
  <testcase classname="api.test.show.all.brands.ShowAllBrandsTest" name="TC26_showAllBrandsTest" time="0.225"/>
  <system-out/>
  <testcase classname="api.test.show.all.brands.ShowAllBrandsTest" name="TC27_brandTest" time="0.158"/>
  <system-out/>
  <testcase classname="api.test.show.all.brands.ShowAllBrandsTest" name="TC00_adminLiveApiTokenGenerator" time="0.383"/>
  <system-out/>
  <testcase classname="api.test.show.all.brands.ShowAllBrandsTest" name="TC28_followBrandTest" time="0.189"/>
  <system-out/>
  <testcase classname="api.test.show.all.brands.ShowAllBrandsTest" name="TC29_unfollowBrandTest" time="0.189"/>
  <system-out/>
  <testcase classname="api.test.show.all.brands.ShowAllBrandsTest" name="TC30_brandContestsTest" time="0.167"/>
  <system-out/>
</testsuite> <!-- api.test.show.all.brands.ShowAllBrandsTest -->
