<?xml version="1.0" encoding="UTF-8"?>
<!-- Generated by org.testng.reporters.JUnitReportReporter -->
<testsuite hostname="EpicGamurMouv" failures="0" tests="16" name="api.test.mobile.homepage.HomepageIntegrationsTest" time="19.470" errors="0" timestamp="2023-06-07T11:14:44 BDT" skipped="0">
  <testcase classname="api.test.mobile.homepage.HomepageIntegrationsTest" name="TC08_homepagePerticularTypeContestsTest" time="0.281"/>
  <system-out/>
  <testcase classname="api.test.mobile.homepage.HomepageIntegrationsTest" name="TC09_homepageBrandsTest" time="0.300"/>
  <system-out/>
  <testcase classname="api.test.mobile.homepage.HomepageIntegrationsTest" name="TC10_homepageOffersTest" time="0.206"/>
  <system-out/>
  <testcase classname="api.test.mobile.homepage.HomepageIntegrationsTest" name="TC11_homepageTopSellingFromTrafficTest" time="0.254"/>
  <system-out/>
  <testcase classname="api.test.mobile.homepage.HomepageIntegrationsTest" name="TC12_homepageTrendingVideosTrendingTagTest" time="0.273"/>
  <system-out/>
  <testcase classname="api.test.mobile.homepage.HomepageIntegrationsTest" name="TC13_homepageTalentVideosByHashTagTest" time="2.184"/>
  <system-out/>
  <testcase classname="api.test.mobile.homepage.HomepageIntegrationsTest" name="TC14_homepageBeautyVideosByHashTagTest" time="1.814"/>
  <system-out/>
  <testcase classname="api.test.mobile.homepage.HomepageIntegrationsTest" name="TC15_homepageTechVideosByHashTagTest" time="1.724"/>
  <system-out/>
  <testcase classname="api.test.mobile.homepage.HomepageIntegrationsTest" name="TC16_homepageFashionVideosByHashTagTest" time="1.903"/>
  <system-out/>
  <testcase classname="api.test.mobile.homepage.HomepageIntegrationsTest" name="TC17_homepageFoodVideosByHashTagTest" time="1.720"/>
  <system-out/>
  <testcase classname="api.test.mobile.homepage.HomepageIntegrationsTest" name="TC18_homepageSportsVideosByHashTagTest" time="1.733"/>
  <system-out/>
  <testcase classname="api.test.mobile.homepage.HomepageIntegrationsTest" name="TC19_homepageSmartphoneVideosByHashTagTest" time="1.741"/>
  <system-out/>
  <testcase classname="api.test.mobile.homepage.HomepageIntegrationsTest" name="TC20_homepageTravelVideosByHashTagTest" time="1.710"/>
  <system-out/>
  <testcase classname="api.test.mobile.homepage.HomepageIntegrationsTest" name="TC21_homepageDecorVideosByHashTagTest" time="1.653"/>
  <system-out/>
  <testcase classname="api.test.mobile.homepage.HomepageIntegrationsTest" name="TC22_homepageHomeapplianceVideosByHashTagTest" time="1.723"/>
  <system-out/>
  <testcase classname="api.test.mobile.homepage.HomepageIntegrationsTest" name="TC23_homepageTrendingVideosNewTagTest" time="0.251"/>
  <system-out/>
</testsuite> <!-- api.test.mobile.homepage.HomepageIntegrationsTest -->
