<?xml version="1.0" encoding="UTF-8"?>
<!-- Generated by org.testng.reporters.JUnitReportReporter -->
<testsuite hostname="EpicGamurMouv" failures="0" tests="1" name="api.test.fshop.testDemo" time="2.440" errors="0" timestamp="2023-05-23T15:05:32 BDT" skipped="0">
  <testcase classname="api.test.fshop.testDemo" name="TC00_getParentId" time="2.440"/>
  <system-out/>
</testsuite> <!-- api.test.fshop.testDemo -->
