<?xml version="1.0" encoding="UTF-8"?>
<!-- Generated by org.testng.reporters.JUnitReportReporter -->
<testsuite hostname="EpicGamurMouv" failures="0" tests="3" name="api.test.video.VideoTest" time="1.137" errors="0" timestamp="2023-06-07T11:14:44 BDT" skipped="0">
  <testcase classname="api.test.video.VideoTest" name="TC00_getVideoId" time="0.180"/>
  <system-out/>
  <testcase classname="api.test.video.VideoTest" name="TC40_showCommentsForVideoTest" time="0.814"/>
  <system-out/>
  <testcase classname="api.test.video.VideoTest" name="TC41_singleVideoTest" time="0.143"/>
  <system-out/>
</testsuite> <!-- api.test.video.VideoTest -->
