<?xml version="1.0" encoding="UTF-8"?>
<!-- Generated by org.testng.reporters.JUnitReportReporter -->
<testsuite hostname="EpicGamurMouv" failures="0" tests="4" name="api.test.search.SearchTest" time="0.920" errors="0" timestamp="2023-06-06T16:04:10 BDT" skipped="0">
  <testcase classname="api.test.search.SearchTest" name="TC36_searchUserTest" time="0.240"/>
  <system-out/>
  <testcase classname="api.test.search.SearchTest" name="TC37_searchVideoHashtagTest" time="0.259"/>
  <system-out/>
  <testcase classname="api.test.search.SearchTest" name="TC38_searchVideoTest" time="0.194"/>
  <system-out/>
  <testcase classname="api.test.search.SearchTest" name="TC39_searchContestTest" time="0.227"/>
  <system-out/>
</testsuite> <!-- api.test.search.SearchTest -->
