<?xml version="1.0" encoding="UTF-8"?>
<!-- Generated by org.testng.reporters.JUnitReportReporter -->
<testsuite hostname="EpicGamurMouv" failures="0" tests="4" name="api.test.show.all.contests.ShowAllContestsTest" time="0.957" errors="0" timestamp="2023-06-07T11:14:44 BDT" skipped="0">
  <testcase classname="api.test.show.all.contests.ShowAllContestsTest" name="TC00_adminLiveApiTokenGenerator" time="0.378"/>
  <system-out/>
  <testcase classname="api.test.show.all.contests.ShowAllContestsTest" name="TC00_getUserListId" time="0.166"/>
  <system-out/>
  <testcase classname="api.test.show.all.contests.ShowAllContestsTest" name="TC24_showAllMyParticipationContestsTest" time="0.173"/>
  <system-out/>
  <testcase classname="api.test.show.all.contests.ShowAllContestsTest" name="TC25_showAllperticularTypeContestsCustomTest" time="0.240"/>
  <system-out/>
</testsuite> <!-- api.test.show.all.contests.ShowAllContestsTest -->
