<?xml version="1.0" encoding="UTF-8"?>
<!-- Generated by org.testng.reporters.JUnitReportReporter -->
<testsuite hostname="LAPTOP-OL97P8DL" failures="0" tests="1" name="api.test.signin.demoEmailSignIn" time="2.465" errors="0" timestamp="2023-05-03T12:21:38 BDT" skipped="0">
  <testcase classname="api.test.signin.demoEmailSignIn" name="shoumikrouf14SignIn" time="2.465"/>
  <system-out/>
</testsuite> <!-- api.test.signin.demoEmailSignIn -->
