<?xml version="1.0" encoding="UTF-8"?>
<!-- Generated by org.testng.reporters.JUnitReportReporter -->
<testsuite hostname="LAPTOP-OL97P8DL" failures="0" tests="1" name="api.test.signup.phone" time="3.157" errors="0" timestamp="2023-05-03T16:50:19 BDT" skipped="0">
  <testcase classname="api.test.signup.phone" name="signUp" time="3.157"/>
  <system-out/>
</testsuite> <!-- api.test.signup.phone -->
