<?xml version="1.0" encoding="UTF-8"?>
<!-- Generated by org.testng.reporters.JUnitReportReporter -->
<testsuite hostname="EpicGamurMouv" failures="0" tests="3" name="api.test.contest.detail.ContestDetailTest" time="0.831" errors="0" timestamp="2023-06-06T16:04:10 BDT" skipped="0">
  <testcase classname="api.test.contest.detail.ContestDetailTest" name="TC00_getContestDetailsId" time="0.302"/>
  <system-out/>
  <testcase classname="api.test.contest.detail.ContestDetailTest" name="TC31_contestDetailsTest" time="0.253"/>
  <system-out/>
  <testcase classname="api.test.contest.detail.ContestDetailTest" name="TC32_detailPageContestVideosTest" time="0.276"/>
  <system-out/>
</testsuite> <!-- api.test.contest.detail.ContestDetailTest -->
