<?xml version="1.0" encoding="UTF-8"?>
<!-- Generated by org.testng.reporters.JUnitReportReporter -->
<testsuite hostname="EpicGamurMouv" failures="0" tests="16" name="api.test.mobile.homepage.HomepageIntegrationsTest" time="19.556" errors="0" timestamp="2023-06-06T15:18:59 BDT" skipped="0">
  <testcase classname="api.test.mobile.homepage.HomepageIntegrationsTest" name="TC08_homepagePerticularTypeContestsTest" time="0.298"/>
  <system-out/>
  <testcase classname="api.test.mobile.homepage.HomepageIntegrationsTest" name="TC09_homepageBrandsTest" time="0.321"/>
  <system-out/>
  <testcase classname="api.test.mobile.homepage.HomepageIntegrationsTest" name="TC10_homepageOffersTest" time="0.197"/>
  <system-out/>
  <testcase classname="api.test.mobile.homepage.HomepageIntegrationsTest" name="TC11_homepageTopSellingFromTrafficTest" time="0.199"/>
  <system-out/>
  <testcase classname="api.test.mobile.homepage.HomepageIntegrationsTest" name="TC12_homepageTrendingVideosTrendingTagTest" time="0.259"/>
  <system-out/>
  <testcase classname="api.test.mobile.homepage.HomepageIntegrationsTest" name="TC13_homepageTalentVideosByHashTagTest" time="2.349"/>
  <system-out/>
  <testcase classname="api.test.mobile.homepage.HomepageIntegrationsTest" name="TC14_homepageBeautyVideosByHashTagTest" time="1.780"/>
  <system-out/>
  <testcase classname="api.test.mobile.homepage.HomepageIntegrationsTest" name="TC15_homepageTechVideosByHashTagTest" time="1.719"/>
  <system-out/>
  <testcase classname="api.test.mobile.homepage.HomepageIntegrationsTest" name="TC16_homepageFashionVideosByHashTagTest" time="1.716"/>
  <system-out/>
  <testcase classname="api.test.mobile.homepage.HomepageIntegrationsTest" name="TC17_homepageFoodVideosByHashTagTest" time="1.782"/>
  <system-out/>
  <testcase classname="api.test.mobile.homepage.HomepageIntegrationsTest" name="TC18_homepageSportsVideosByHashTagTest" time="1.740"/>
  <system-out/>
  <testcase classname="api.test.mobile.homepage.HomepageIntegrationsTest" name="TC19_homepageSmartphoneVideosByHashTagTest" time="1.792"/>
  <system-out/>
  <testcase classname="api.test.mobile.homepage.HomepageIntegrationsTest" name="TC20_homepageTravelVideosByHashTagTest" time="1.757"/>
  <system-out/>
  <testcase classname="api.test.mobile.homepage.HomepageIntegrationsTest" name="TC21_homepageDecorVideosByHashTagTest" time="1.678"/>
  <system-out/>
  <testcase classname="api.test.mobile.homepage.HomepageIntegrationsTest" name="TC22_homepageHomeapplianceVideosByHashTagTest" time="1.719"/>
  <system-out/>
  <testcase classname="api.test.mobile.homepage.HomepageIntegrationsTest" name="TC23_homepageTrendingVideosNewTagTest" time="0.250"/>
  <system-out/>
</testsuite> <!-- api.test.mobile.homepage.HomepageIntegrationsTest -->
