<?xml version="1.0" encoding="UTF-8"?>
<!-- Generated by org.testng.reporters.JUnitReportReporter -->
<testsuite hostname="EpicGamurMouv" failures="0" tests="2" name="api.test.notification.NotificationTest" time="0.643" errors="0" timestamp="2023-06-06T15:18:59 BDT" skipped="0">
  <testcase classname="api.test.notification.NotificationTest" name="TC00_adminLiveApiTokenGenerator" time="0.429"/>
  <system-out/>
  <testcase classname="api.test.notification.NotificationTest" name="TC42_showNotificationListTest" time="0.214"/>
  <system-out/>
</testsuite> <!-- api.test.notification.NotificationTest -->
