<?xml version="1.0" encoding="UTF-8"?>
<!-- Generated by org.testng.reporters.JUnitReportReporter -->
<testsuite hostname="EpicGamurMouv" failures="0" tests="2" name="api.test.admin.AdminSearchProductTest" time="0.964" errors="0" timestamp="2023-06-06T16:04:10 BDT" skipped="0">
  <testcase classname="api.test.admin.AdminSearchProductTest" name="TC00_adminLiveApiTokenGenerator" time="0.613"/>
  <system-out/>
  <testcase classname="api.test.admin.AdminSearchProductTest" name="TC07_AdminLoginSearchProductTest" time="0.351"/>
  <system-out/>
</testsuite> <!-- api.test.admin.AdminSearchProductTest -->
