<?xml version="1.0" encoding="UTF-8"?>
<!-- Generated by org.testng.reporters.JUnitReportReporter -->
<testsuite hostname="EpicGamurMouv" failures="0" tests="2" name="api.test.admin.AdminSearchProductTest" time="0.752" errors="0" timestamp="2023-06-06T15:18:59 BDT" skipped="0">
  <testcase classname="api.test.admin.AdminSearchProductTest" name="TC00_adminLiveApiTokenGenerator" time="0.439"/>
  <system-out/>
  <testcase classname="api.test.admin.AdminSearchProductTest" name="TC07_AdminLoginSearchProductTest" time="0.313"/>
  <system-out/>
</testsuite> <!-- api.test.admin.AdminSearchProductTest -->
